<?xml version="1.0" encoding="UTF-8" ?>
<testsuite failures="2" time="0.592" errors="0" skipped="0" tests="2" name="MatematiikkaTestit.influenssapopulaatiossaTest">
  <properties>
[...]
</properties>
  <testcase time="0.253" classname="MatematiikkaTestit.influenssapopulaatiossaTest" name="KokeillaanLaskeaEriArvoillaSIS">
    <failure message="expected:&lt;2&gt; but was:&lt;4&gt;" type="java.lang.AssertionError">java.lang.AssertionError: expected:&lt;2&gt; but was:&lt;4&gt;
	at org.junit.Assert.fail(Assert.java:93)
	at org.junit.Assert.failNotEquals(Assert.java:647)
	at org.junit.Assert.assertEquals(Assert.java:128)
	at org.junit.Assert.assertEquals(Assert.java:472)
	at org.junit.Assert.assertEquals(Assert.java:456)
	at MatematiikkaTestit.influenssapopulaatiossaTest.KokeillaanLaskeaEriArvoillaSIS(influenssapopulaatiossaTest.java:40)
	at sun.reflect.NativeMethodAccessorImpl.invoke0(Native Method)
	at sun.reflect.NativeMethodAccessorImpl.invoke(NativeMethodAccessorImpl.java:57)
	at sun.reflect.DelegatingMethodAccessorImpl.invoke(DelegatingMethodAccessorImpl.java:43)
	at java.lang.reflect.Method.invoke(Method.java:606)
	at org.junit.runners.model.FrameworkMethod$1.runReflectiveCall(FrameworkMethod.java:45)
	at org.junit.internal.runners.model.ReflectiveCallable.run(ReflectiveCallable.java:15)
	at org.junit.runners.model.FrameworkMethod.invokeExplosively(FrameworkMethod.java:42)
	at org.junit.internal.runners.statements.InvokeMethod.evaluate(InvokeMethod.java:20)
	at org.junit.internal.runners.statements.RunBefores.evaluate(RunBefores.java:28)
	at org.junit.internal.runners.statements.RunAfters.evaluate(RunAfters.java:30)
	at org.junit.runners.ParentRunner.runLeaf(ParentRunner.java:263)
	at org.junit.runners.BlockJUnit4ClassRunner.runChild(BlockJUnit4ClassRunner.java:68)
	at org.junit.runners.BlockJUnit4ClassRunner.runChild(BlockJUnit4ClassRunner.java:47)
	at org.junit.runners.ParentRunner$3.run(ParentRunner.java:231)
	at org.junit.runners.ParentRunner$1.schedule(ParentRunner.java:60)
	at org.junit.runners.ParentRunner.runChildren(ParentRunner.java:229)
	at org.junit.runners.ParentRunner.access$000(ParentRunner.java:50)
	at org.junit.runners.ParentRunner$2.evaluate(ParentRunner.java:222)
	at org.junit.internal.runners.statements.RunBefores.evaluate(RunBefores.java:28)
	at org.junit.internal.runners.statements.RunAfters.evaluate(RunAfters.java:30)
	at org.junit.runners.ParentRunner.run(ParentRunner.java:300)
	at org.apache.maven.surefire.junit4.JUnit4TestSet.execute(JUnit4TestSet.java:53)
	at org.apache.maven.surefire.junit4.JUnit4Provider.executeTestSet(JUnit4Provider.java:123)
	at org.apache.maven.surefire.junit4.JUnit4Provider.invoke(JUnit4Provider.java:104)
	at sun.reflect.NativeMethodAccessorImpl.invoke0(Native Method)
	at sun.reflect.NativeMethodAccessorImpl.invoke(NativeMethodAccessorImpl.java:57)
	at sun.reflect.DelegatingMethodAccessorImpl.invoke(DelegatingMethodAccessorImpl.java:43)
	at java.lang.reflect.Method.invoke(Method.java:606)
	at org.apache.maven.surefire.util.ReflectionUtils.invokeMethodWithArray(ReflectionUtils.java:164)
	at org.apache.maven.surefire.booter.ProviderFactory$ProviderProxy.invoke(ProviderFactory.java:110)
	at org.apache.maven.surefire.booter.SurefireStarter.invokeProvider(SurefireStarter.java:175)
	at org.apache.maven.surefire.booter.SurefireStarter.runSuitesInProcessWhenForked(SurefireStarter.java:107)
	at org.apache.maven.surefire.booter.ForkedBooter.main(ForkedBooter.java:68)
</failure>
  </testcase>
  <testcase time="0.339" classname="MatematiikkaTestit.influenssapopulaatiossaTest" name="KokeillaanLaskeaEriArvoillaSIR">
    <failure message="expected:&lt;3&gt; but was:&lt;6&gt;" type="java.lang.AssertionError">java.lang.AssertionError: expected:&lt;3&gt; but was:&lt;6&gt;
	at org.junit.Assert.fail(Assert.java:93)
	at org.junit.Assert.failNotEquals(Assert.java:647)
	at org.junit.Assert.assertEquals(Assert.java:128)
	at org.junit.Assert.assertEquals(Assert.java:472)
	at org.junit.Assert.assertEquals(Assert.java:456)
	at MatematiikkaTestit.influenssapopulaatiossaTest.KokeillaanLaskeaEriArvoillaSIR(influenssapopulaatiossaTest.java:51)
	at sun.reflect.NativeMethodAccessorImpl.invoke0(Native Method)
	at sun.reflect.NativeMethodAccessorImpl.invoke(NativeMethodAccessorImpl.java:57)
	at sun.reflect.DelegatingMethodAccessorImpl.invoke(DelegatingMethodAccessorImpl.java:43)
	at java.lang.reflect.Method.invoke(Method.java:606)
	at org.junit.runners.model.FrameworkMethod$1.runReflectiveCall(FrameworkMethod.java:45)
	at org.junit.internal.runners.model.ReflectiveCallable.run(ReflectiveCallable.java:15)
	at org.junit.runners.model.FrameworkMethod.invokeExplosively(FrameworkMethod.java:42)
	at org.junit.internal.runners.statements.InvokeMethod.evaluate(InvokeMethod.java:20)
	at org.junit.internal.runners.statements.RunBefores.evaluate(RunBefores.java:28)
	at org.junit.internal.runners.statements.RunAfters.evaluate(RunAfters.java:30)
	at org.junit.runners.ParentRunner.runLeaf(ParentRunner.java:263)
	at org.junit.runners.BlockJUnit4ClassRunner.runChild(BlockJUnit4ClassRunner.java:68)
	at org.junit.runners.BlockJUnit4ClassRunner.runChild(BlockJUnit4ClassRunner.java:47)
	at org.junit.runners.ParentRunner$3.run(ParentRunner.java:231)
	at org.junit.runners.ParentRunner$1.schedule(ParentRunner.java:60)
	at org.junit.runners.ParentRunner.runChildren(ParentRunner.java:229)
	at org.junit.runners.ParentRunner.access$000(ParentRunner.java:50)
	at org.junit.runners.ParentRunner$2.evaluate(ParentRunner.java:222)
	at org.junit.internal.runners.statements.RunBefores.evaluate(RunBefores.java:28)
	at org.junit.internal.runners.statements.RunAfters.evaluate(RunAfters.java:30)
	at org.junit.runners.ParentRunner.run(ParentRunner.java:300)
	at org.apache.maven.surefire.junit4.JUnit4TestSet.execute(JUnit4TestSet.java:53)
	at org.apache.maven.surefire.junit4.JUnit4Provider.executeTestSet(JUnit4Provider.java:123)
	at org.apache.maven.surefire.junit4.JUnit4Provider.invoke(JUnit4Provider.java:104)
	at sun.reflect.NativeMethodAccessorImpl.invoke0(Native Method)
	at sun.reflect.NativeMethodAccessorImpl.invoke(NativeMethodAccessorImpl.java:57)
	at sun.reflect.DelegatingMethodAccessorImpl.invoke(DelegatingMethodAccessorImpl.java:43)
	at java.lang.reflect.Method.invoke(Method.java:606)
	at org.apache.maven.surefire.util.ReflectionUtils.invokeMethodWithArray(ReflectionUtils.java:164)
	at org.apache.maven.surefire.booter.ProviderFactory$ProviderProxy.invoke(ProviderFactory.java:110)
	at org.apache.maven.surefire.booter.SurefireStarter.invokeProvider(SurefireStarter.java:175)
	at org.apache.maven.surefire.booter.SurefireStarter.runSuitesInProcessWhenForked(SurefireStarter.java:107)
	at org.apache.maven.surefire.booter.ForkedBooter.main(ForkedBooter.java:68)
</failure>
    <system-out>S =  45
I =  5
B =  0.0070000
a =  0.10000
S =

 Columns 1 through 8:

   45.0000   44.6850   44.3588   44.0211   43.6719   43.3111   42.9385   42.5541

 Columns 9 through 16:

   42.1579   41.7498   41.3300   40.8983   40.4550   40.0002   39.5340   39.0566

 Columns 17 through 24:

   38.5683   38.0695   37.5603   37.0412   36.5126   35.9750   35.4287   34.8745

 Columns 25 through 32:

   34.3128   33.7441   33.1693   32.5888   32.0034   31.4138   30.8207   30.2248

 Columns 33 through 40:

   29.6270   29.0279   28.4282   27.8289   27.2306   26.6340   26.0400   25.4491

 Columns 41 through 48:

   24.8622   24.2798   23.7026   23.1313   22.5664   22.0085   21.4580   20.9156

 Columns 49 through 56:

   20.3815   19.8562   19.3401   18.8335   18.3367   17.8499   17.3734   16.9072

 Columns 57 through 64:

   16.4516   16.0066   15.5724   15.1489   14.7362   14.3343   13.9431   13.5625

 Columns 65 through 72:

   13.1925   12.8330   12.4837   12.1447   11.8157   11.4966   11.1872   10.8873

 Columns 73 through 80:

   10.5967   10.3152   10.0426    9.7786    9.5232    9.2760    9.0367    8.8054

 Columns 81 through 88:

    8.5815    8.3651    8.1558    7.9534    7.7577    7.5686    7.3857    7.2089

 Columns 89 through 96:

    7.0381    6.8729    6.7133    6.5589    6.4098    6.2656    6.1261    5.9914

 Columns 97 through 104:

    5.8611    5.7351    5.6132    5.4954    5.3815    5.2713    5.1647    5.0615

 Columns 105 through 112:

    4.9618    4.8652    4.7718    4.6813    4.5938    4.5091    4.4270    4.3476

 Columns 113 through 120:

    4.2706    4.1961    4.1239    4.0539    3.9861    3.9204    3.8567    3.7949

 Columns 121 through 128:

    3.7350    3.6770    3.6207    3.5660    3.5130    3.4616    3.4117    3.3632

 Columns 129 through 136:

    3.3162    3.2705    3.2262    3.1831    3.1413    3.1006    3.0611    3.0227

 Columns 137 through 144:

    2.9854    2.9492    2.9139    2.8796    2.8463    2.8139    2.7823    2.7516

 Columns 145 through 152:

    2.7218    2.6927    2.6644    2.6369    2.6101    2.5840    2.5586    2.5338

 Columns 153 through 160:

    2.5097    2.4862    2.4633    2.4410    2.4193    2.3981    2.3774    2.3573

 Columns 161 through 168:

    2.3377    2.3185    2.2999    2.2817    2.2639    2.2466    2.2297    2.2132

 Columns 169 through 176:

    2.1971    2.1814    2.1661    2.1511    2.1365    2.1222    2.1083    2.0947

 Columns 177 through 184:

    2.0814    2.0685    2.0558    2.0434    2.0313    2.0195    2.0080    1.9967

 Columns 185 through 192:

    1.9857    1.9749    1.9643    1.9540    1.9440    1.9341    1.9245    1.9151

 Columns 193 through 200:

    1.9059    1.8969    1.8881    1.8795    1.8711    1.8628    1.8548    1.8469

 Columns 201 through 208:

    1.8392    1.8316    1.8243    1.8170    1.8100    1.8030    1.7963    1.7896

 Columns 209 through 216:

    1.7831    1.7768    1.7706    1.7645    1.7585    1.7527    1.7470    1.7414

 Columns 217 through 224:

    1.7359    1.7305    1.7252    1.7201    1.7150    1.7101    1.7053    1.7005

 Columns 225 through 232:

    1.6959    1.6913    1.6869    1.6825    1.6782    1.6740    1.6699    1.6659

 Columns 233 through 240:

    1.6619    1.6581    1.6543    1.6506    1.6469    1.6433    1.6398    1.6364

 Columns 241 through 248:

    1.6330    1.6298    1.6265    1.6234    1.6203    1.6172    1.6142    1.6113

 Columns 249 through 256:

    1.6084    1.6056    1.6029    1.6002    1.5975    1.5949    1.5923    1.5898

 Columns 257 through 264:

    1.5874    1.5850    1.5826    1.5803    1.5780    1.5758    1.5736    1.5715

 Columns 265 through 272:

    1.5694    1.5673    1.5653    1.5633    1.5614    1.5595    1.5576    1.5558

 Columns 273 through 280:

    1.5540    1.5522    1.5505    1.5488    1.5471    1.5455    1.5439    1.5423

 Columns 281 through 288:

    1.5407    1.5392    1.5377    1.5363    1.5348    1.5334    1.5321    1.5307

 Columns 289 through 296:

    1.5294    1.5281    1.5268    1.5255    1.5243    1.5231    1.5219    1.5207

 Columns 297 through 304:

    1.5196    1.5185    1.5174    1.5163    1.5152    1.5142    1.5132    1.5122

 Columns 305 through 312:

    1.5112    1.5102    1.5093    1.5084    1.5074    1.5065    1.5057    1.5048

 Columns 313 through 320:

    1.5040    1.5031    1.5023    1.5015    1.5007    1.4999    1.4992    1.4984

 Columns 321 through 328:

    1.4977    1.4970    1.4963    1.4956    1.4949    1.4943    1.4936    1.4930

 Columns 329 through 336:

    1.4923    1.4917    1.4911    1.4905    1.4899    1.4894    1.4888    1.4882

 Columns 337 through 344:

    1.4877    1.4872    1.4866    1.4861    1.4856    1.4851    1.4846    1.4842

 Columns 345 through 352:

    1.4837    1.4832    1.4828    1.4823    1.4819    1.4815    1.4811    1.4807

 Columns 353 through 360:

    1.4802    1.4799    1.4795    1.4791    1.4787    1.4783    1.4780    1.4776

 Columns 361 through 368:

    1.4773    1.4769    1.4766    1.4763    1.4759    1.4756    1.4753    1.4750

 Columns 369 through 376:

    1.4747    1.4744    1.4741    1.4738    1.4735    1.4733    1.4730    1.4727

 Columns 377 through 384:

    1.4725    1.4722    1.4720    1.4717    1.4715    1.4712    1.4710    1.4708

 Columns 385 through 392:

    1.4705    1.4703    1.4701    1.4699    1.4697    1.4695    1.4693    1.4691

 Columns 393 through 400:

    1.4689    1.4687    1.4685    1.4683    1.4681    1.4680    1.4678    1.4676

 Columns 401 through 408:

    1.4674    1.4673    1.4671    1.4670    1.4668    1.4667    1.4665    1.4664

 Columns 409 through 416:

    1.4662    1.4661    1.4659    1.4658    1.4657    1.4655    1.4654    1.4653

 Columns 417 through 424:

    1.4651    1.4650    1.4649    1.4648    1.4647    1.4645    1.4644    1.4643

 Columns 425 through 432:

    1.4642    1.4641    1.4640    1.4639    1.4638    1.4637    1.4636    1.4635

 Columns 433 through 440:

    1.4634    1.4633    1.4632    1.4631    1.4630    1.4630    1.4629    1.4628

 Columns 441 through 448:

    1.4627    1.4626    1.4626    1.4625    1.4624    1.4623    1.4623    1.4622

 Columns 449 through 456:

    1.4621    1.4620    1.4620    1.4619    1.4618    1.4618    1.4617    1.4617

 Columns 457 through 464:

    1.4616    1.4615    1.4615    1.4614    1.4614    1.4613    1.4613    1.4612

 Columns 465 through 472:

    1.4611    1.4611    1.4610    1.4610    1.4609    1.4609    1.4609    1.4608

 Columns 473 through 480:

    1.4608    1.4607    1.4607    1.4606    1.4606    1.4605    1.4605    1.4605

 Columns 481 through 488:

    1.4604    1.4604    1.4603    1.4603    1.4603    1.4602    1.4602    1.4602

 Columns 489 through 496:

    1.4601    1.4601    1.4601    1.4600    1.4600    1.4600    1.4599    1.4599

 Columns 497 through 504:

    1.4599    1.4599    1.4598    1.4598    1.4598    1.4597    1.4597    1.4597

 Columns 505 through 512:

    1.4597    1.4596    1.4596    1.4596    1.4596    1.4595    1.4595    1.4595

 Columns 513 through 520:

    1.4595    1.4595    1.4594    1.4594    1.4594    1.4594    1.4594    1.4593

 Columns 521 through 528:

    1.4593    1.4593    1.4593    1.4593    1.4592    1.4592    1.4592    1.4592

 Columns 529 through 536:

    1.4592    1.4592    1.4591    1.4591    1.4591    1.4591    1.4591    1.4591

 Columns 537 through 544:

    1.4591    1.4590    1.4590    1.4590    1.4590    1.4590    1.4590    1.4590

 Columns 545 through 552:

    1.4590    1.4589    1.4589    1.4589    1.4589    1.4589    1.4589    1.4589

 Columns 553 through 560:

    1.4589    1.4588    1.4588    1.4588    1.4588    1.4588    1.4588    1.4588

 Columns 561 through 568:

    1.4588    1.4588    1.4588    1.4588    1.4587    1.4587    1.4587    1.4587

 Columns 569 through 576:

    1.4587    1.4587    1.4587    1.4587    1.4587    1.4587    1.4587    1.4587

 Columns 577 through 584:

    1.4587    1.4586    1.4586    1.4586    1.4586    1.4586    1.4586    1.4586

 Columns 585 through 592:

    1.4586    1.4586    1.4586    1.4586    1.4586    1.4586    1.4586    1.4586

 Columns 593 through 600:

    1.4586    1.4586    1.4585    1.4585    1.4585    1.4585    1.4585    1.4585

 Columns 601 through 608:

    1.4585    1.4585    1.4585    1.4585    1.4585    1.4585    1.4585    1.4585

 Columns 609 through 616:

    1.4585    1.4585    1.4585    1.4585    1.4585    1.4585    1.4585    1.4585

 Columns 617 through 624:

    1.4585    1.4585    1.4585    1.4585    1.4584    1.4584    1.4584    1.4584

 Columns 625 through 632:

    1.4584    1.4584    1.4584    1.4584    1.4584    1.4584    1.4584    1.4584

 Columns 633 through 640:

    1.4584    1.4584    1.4584    1.4584    1.4584    1.4584    1.4584    1.4584

 Columns 641 through 648:

    1.4584    1.4584    1.4584    1.4584    1.4584    1.4584    1.4584    1.4584

 Columns 649 through 656:

    1.4584    1.4584    1.4584    1.4584    1.4584    1.4584    1.4584    1.4584

 Columns 657 through 664:

    1.4584    1.4584    1.4584    1.4584    1.4584    1.4584    1.4584    1.4584

 Columns 665 through 672:

    1.4584    1.4584    1.4584    1.4584    1.4583    1.4583    1.4583    1.4583

 Columns 673 through 680:

    1.4583    1.4583    1.4583    1.4583    1.4583    1.4583    1.4583    1.4583

 Columns 681 through 688:

    1.4583    1.4583    1.4583    1.4583    1.4583    1.4583    1.4583    1.4583

 Columns 689 through 696:

    1.4583    1.4583    1.4583    1.4583    1.4583    1.4583    1.4583    1.4583

 Columns 697 through 704:

    1.4583    1.4583    1.4583    1.4583    1.4583    1.4583    1.4583    1.4583

 Columns 705 through 712:

    1.4583    1.4583    1.4583    1.4583    1.4583    1.4583    1.4583    1.4583

 Columns 713 through 720:

    1.4583    1.4583    1.4583    1.4583    1.4583    1.4583    1.4583    1.4583

 Columns 721 through 728:

    1.4583    1.4583    1.4583    1.4583    1.4583    1.4583    1.4583    1.4583

 Columns 729 through 736:

    1.4583    1.4583    1.4583    1.4583    1.4583    1.4583    1.4583    1.4583

 Columns 737 through 744:

    1.4583    1.4583    1.4583    1.4583    1.4583    1.4583    1.4583    1.4583

 Columns 745 through 752:

    1.4583    1.4583    1.4583    1.4583    1.4583    1.4583    1.4583    1.4583

 Columns 753 through 760:

    1.4583    1.4583    1.4583    1.4583    1.4583    1.4583    1.4583    1.4583

 Columns 761 through 768:

    1.4583    1.4583    1.4583    1.4583    1.4583    1.4583    1.4583    1.4583

 Columns 769 through 776:

    1.4583    1.4583    1.4583    1.4583    1.4583    1.4583    1.4583    1.4583

 Columns 777 through 784:

    1.4583    1.4583    1.4583    1.4583    1.4583    1.4583    1.4583    1.4583

 Columns 785 through 792:

    1.4583    1.4583    1.4583    1.4583    1.4583    1.4583    1.4583    1.4583

 Columns 793 through 800:

    1.4583    1.4583    1.4583    1.4583    1.4583    1.4583    1.4583    1.4583

 Columns 801 through 808:

    1.4583    1.4583    1.4583    1.4583    1.4583    1.4583    1.4583    1.4583

 Columns 809 through 816:

    1.4583    1.4583    1.4583    1.4583    1.4583    1.4583    1.4583    1.4583

 Columns 817 through 824:

    1.4583    1.4583    1.4583    1.4583    1.4583    1.4583    1.4583    1.4583

 Columns 825 through 832:

    1.4583    1.4583    1.4583    1.4583    1.4583    1.4583    1.4583    1.4583

 Columns 833 through 840:

    1.4583    1.4583    1.4583    1.4583    1.4583    1.4583    1.4583    1.4583

 Columns 841 through 848:

    1.4583    1.4583    1.4583    1.4583    1.4583    1.4583    1.4583    1.4583

 Columns 849 through 856:

    1.4583    1.4583    1.4583    1.4583    1.4583    1.4583    1.4583    1.4583

 Columns 857 through 864:

    1.4583    1.4583    1.4583    1.4583    1.4583    1.4583    1.4583    1.4583

 Columns 865 through 872:

    1.4583    1.4583    1.4583    1.4583    1.4583    1.4583    1.4583    1.4583

 Columns 873 through 880:

    1.4583    1.4583    1.4583    1.4583    1.4583    1.4583    1.4583    1.4583

 Columns 881 through 888:

    1.4583    1.4583    1.4583    1.4583    1.4583    1.4583    1.4583    1.4583

 Columns 889 through 896:

    1.4583    1.4583    1.4583    1.4583    1.4583    1.4583    1.4583    1.4583

 Columns 897 through 904:

    1.4583    1.4583    1.4583    1.4583    1.4583    1.4583    1.4583    1.4583

 Columns 905 through 912:

    1.4583    1.4583    1.4583    1.4583    1.4583    1.4583    1.4583    1.4583

 Columns 913 through 920:

    1.4583    1.4583    1.4583    1.4583    1.4583    1.4583    1.4583    1.4583

 Columns 921 through 928:

    1.4583    1.4583    1.4583    1.4583    1.4583    1.4583    1.4583    1.4583

 Columns 929 through 936:

    1.4583    1.4583    1.4583    1.4583    1.4583    1.4583    1.4583    1.4583

 Columns 937 through 944:

    1.4583    1.4583    1.4583    1.4583    1.4583    1.4583    1.4583    1.4583

 Columns 945 through 952:

    1.4583    1.4583    1.4583    1.4583    1.4583    1.4583    1.4583    1.4583

 Columns 953 through 960:

    1.4583    1.4583    1.4583    1.4583    1.4583    1.4583    1.4583    1.4583

 Columns 961 through 968:

    1.4583    1.4583    1.4583    1.4583    1.4583    1.4583    1.4583    1.4583

 Columns 969 through 976:

    1.4583    1.4583    1.4583    1.4583    1.4583    1.4583    1.4583    1.4583

 Columns 977 through 984:

    1.4583    1.4583    1.4583    1.4583    1.4583    1.4583    1.4583    1.4583

 Columns 985 through 992:

    1.4583    1.4583    1.4583    1.4583    1.4583    1.4583    1.4583    1.4583

 Columns 993 through 1000:

    1.4583    1.4583    1.4583    1.4583    1.4583    1.4583    1.4583    1.4583

I =

 Columns 1 through 6:

   5.0000e+00   5.2150e+00   5.4369e+00   5.6659e+00   5.9017e+00   6.1445e+00

 Columns 7 through 12:

   6.3942e+00   6.6507e+00   6.9139e+00   7.1837e+00   7.4599e+00   7.7424e+00

 Columns 13 through 18:

   8.0308e+00   8.3250e+00   8.6247e+00   8.9296e+00   9.2393e+00   9.5534e+00

 Columns 19 through 24:

   9.8715e+00   1.0193e+01   1.0518e+01   1.0845e+01   1.1174e+01   1.1505e+01

 Columns 25 through 30:

   1.1837e+01   1.2169e+01   1.2500e+01   1.2831e+01   1.3159e+01   1.3486e+01

 Columns 31 through 36:

   1.3809e+01   1.4129e+01   1.4444e+01   1.4754e+01   1.5059e+01   1.5357e+01

 Columns 37 through 42:

   1.5648e+01   1.5932e+01   1.6207e+01   1.6474e+01   1.6732e+01   1.6979e+01

 Columns 43 through 48:

   1.7217e+01   1.7444e+01   1.7660e+01   1.7865e+01   1.8058e+01   1.8239e+01

 Columns 49 through 54:

   1.8408e+01   1.8565e+01   1.8710e+01   1.8843e+01   1.8963e+01   1.9070e+01

 Columns 55 through 60:

   1.9165e+01   1.9248e+01   1.9319e+01   1.9377e+01   1.9424e+01   1.9459e+01

 Columns 61 through 66:

   1.9483e+01   1.9495e+01   1.9496e+01   1.9487e+01   1.9467e+01   1.9437e+01

 Columns 67 through 72:

   1.9398e+01   1.9349e+01   1.9291e+01   1.9224e+01   1.9149e+01   1.9066e+01

 Columns 73 through 78:

   1.8975e+01   1.8877e+01   1.8772e+01   1.8661e+01   1.8543e+01   1.8419e+01

 Columns 79 through 84:

   1.8290e+01   1.8156e+01   1.8017e+01   1.7873e+01   1.7725e+01   1.7572e+01

 Columns 85 through 90:

   1.7417e+01   1.7257e+01   1.7095e+01   1.6930e+01   1.6762e+01   1.6592e+01

 Columns 91 through 96:

   1.6420e+01   1.6246e+01   1.6070e+01   1.5893e+01   1.5715e+01   1.5535e+01

 Columns 97 through 102:

   1.5355e+01   1.5174e+01   1.4992e+01   1.4810e+01   1.4628e+01   1.4445e+01

 Columns 103 through 108:

   1.4263e+01   1.4081e+01   1.3899e+01   1.3718e+01   1.3537e+01   1.3356e+01

 Columns 109 through 114:

   1.3177e+01   1.2998e+01   1.2820e+01   1.2643e+01   1.2467e+01   1.2292e+01

 Columns 115 through 120:

   1.2119e+01   1.1946e+01   1.1775e+01   1.1605e+01   1.1437e+01   1.1270e+01

 Columns 121 through 126:

   1.1105e+01   1.0940e+01   1.0778e+01   1.0617e+01   1.0458e+01   1.0300e+01

 Columns 127 through 132:

   1.0144e+01   9.9895e+00   9.8368e+00   9.6857e+00   9.5363e+00   9.3887e+00

 Columns 133 through 138:

   9.2427e+00   9.0985e+00   8.9561e+00   8.8153e+00   8.6763e+00   8.5390e+00

 Columns 139 through 144:

   8.4035e+00   8.2697e+00   8.1377e+00   8.0074e+00   7.8788e+00   7.7519e+00

 Columns 145 through 150:

   7.6267e+00   7.5032e+00   7.3814e+00   7.2613e+00   7.1429e+00   7.0262e+00

 Columns 151 through 156:

   6.9111e+00   6.7976e+00   6.6858e+00   6.5755e+00   6.4669e+00   6.3599e+00

 Columns 157 through 162:

   6.2544e+00   6.1505e+00   6.0481e+00   5.9473e+00   5.8480e+00   5.7502e+00

 Columns 163 through 168:

   5.6538e+00   5.5590e+00   5.4655e+00   5.3736e+00   5.2830e+00   5.1938e+00

 Columns 169 through 174:

   5.1060e+00   5.0196e+00   4.9346e+00   4.8508e+00   4.7684e+00   4.6873e+00

 Columns 175 through 180:

   4.6075e+00   4.5289e+00   4.4516e+00   4.3756e+00   4.3007e+00   4.2271e+00

 Columns 181 through 186:

   4.1547e+00   4.0834e+00   4.0133e+00   3.9443e+00   3.8764e+00   3.8097e+00

 Columns 187 through 192:

   3.7440e+00   3.6794e+00   3.6159e+00   3.5534e+00   3.4920e+00   3.4315e+00

 Columns 193 through 198:

   3.3721e+00   3.3137e+00   3.2562e+00   3.1997e+00   3.1441e+00   3.0895e+00

 Columns 199 through 204:

   3.0357e+00   2.9829e+00   2.9309e+00   2.8799e+00   2.8297e+00   2.7803e+00

 Columns 205 through 210:

   2.7318e+00   2.6840e+00   2.6371e+00   2.5910e+00   2.5457e+00   2.5011e+00

 Columns 211 through 216:

   2.4573e+00   2.4143e+00   2.3720e+00   2.3304e+00   2.2895e+00   2.2493e+00

 Columns 217 through 222:

   2.2098e+00   2.1710e+00   2.1328e+00   2.0953e+00   2.0584e+00   2.0222e+00

 Columns 223 through 228:

   1.9866e+00   1.9516e+00   1.9172e+00   1.8834e+00   1.8502e+00   1.8176e+00

 Columns 229 through 234:

   1.7855e+00   1.7540e+00   1.7230e+00   1.6926e+00   1.6627e+00   1.6333e+00

 Columns 235 through 240:

   1.6044e+00   1.5761e+00   1.5482e+00   1.5208e+00   1.4939e+00   1.4674e+00

 Columns 241 through 246:

   1.4414e+00   1.4159e+00   1.3908e+00   1.3662e+00   1.3420e+00   1.3182e+00

 Columns 247 through 252:

   1.2948e+00   1.2718e+00   1.2492e+00   1.2271e+00   1.2053e+00   1.1839e+00

 Columns 253 through 258:

   1.1629e+00   1.1422e+00   1.1219e+00   1.1020e+00   1.0824e+00   1.0631e+00

 Columns 259 through 264:

   1.0442e+00   1.0257e+00   1.0074e+00   9.8950e-01   9.7190e-01   9.5460e-01

 Columns 265 through 270:

   9.3761e-01   9.2092e-01   9.0452e-01   8.8841e-01   8.7259e-01   8.5704e-01

 Columns 271 through 276:

   8.4177e-01   8.2677e-01   8.1204e-01   7.9756e-01   7.8335e-01   7.6938e-01

 Columns 277 through 282:

   7.5566e-01   7.4218e-01   7.2895e-01   7.1594e-01   7.0317e-01   6.9062e-01

 Columns 283 through 288:

   6.7830e-01   6.6619e-01   6.5430e-01   6.4262e-01   6.3115e-01   6.1988e-01

 Columns 289 through 294:

   6.0881e-01   5.9794e-01   5.8726e-01   5.7677e-01   5.6646e-01   5.5634e-01

 Columns 295 through 300:

   5.4640e-01   5.3664e-01   5.2705e-01   5.1763e-01   5.0838e-01   4.9929e-01

 Columns 301 through 306:

   4.9036e-01   4.8160e-01   4.7299e-01   4.6453e-01   4.5622e-01   4.4806e-01

 Columns 307 through 312:

   4.4005e-01   4.3218e-01   4.2445e-01   4.1685e-01   4.0939e-01   4.0207e-01

 Columns 313 through 318:

   3.9488e-01   3.8781e-01   3.8087e-01   3.7405e-01   3.6736e-01   3.6078e-01

 Columns 319 through 324:

   3.5433e-01   3.4798e-01   3.4175e-01   3.3563e-01   3.2962e-01   3.2372e-01

 Columns 325 through 330:

   3.1793e-01   3.1223e-01   3.0664e-01   3.0115e-01   2.9576e-01   2.9046e-01

 Columns 331 through 336:

   2.8526e-01   2.8015e-01   2.7513e-01   2.7020e-01   2.6536e-01   2.6061e-01

 Columns 337 through 342:

   2.5594e-01   2.5135e-01   2.4685e-01   2.4242e-01   2.3808e-01   2.3381e-01

 Columns 343 through 348:

   2.2962e-01   2.2551e-01   2.2147e-01   2.1750e-01   2.1360e-01   2.0977e-01

 Columns 349 through 354:

   2.0601e-01   2.0232e-01   1.9869e-01   1.9513e-01   1.9163e-01   1.8820e-01

 Columns 355 through 360:

   1.8482e-01   1.8151e-01   1.7825e-01   1.7506e-01   1.7192e-01   1.6884e-01

 Columns 361 through 366:

   1.6581e-01   1.6283e-01   1.5991e-01   1.5705e-01   1.5423e-01   1.5146e-01

 Columns 367 through 372:

   1.4875e-01   1.4608e-01   1.4346e-01   1.4089e-01   1.3836e-01   1.3588e-01

 Columns 373 through 378:

   1.3344e-01   1.3105e-01   1.2870e-01   1.2639e-01   1.2412e-01   1.2190e-01

 Columns 379 through 384:

   1.1971e-01   1.1756e-01   1.1545e-01   1.1338e-01   1.1135e-01   1.0935e-01

 Columns 385 through 390:

   1.0739e-01   1.0546e-01   1.0357e-01   1.0171e-01   9.9886e-02   9.8093e-02

 Columns 391 through 396:

   9.6333e-02   9.4605e-02   9.2907e-02   9.1240e-02   8.9603e-02   8.7995e-02

 Columns 397 through 402:

   8.6416e-02   8.4865e-02   8.3343e-02   8.1847e-02   8.0378e-02   7.8936e-02

 Columns 403 through 408:

   7.7519e-02   7.6128e-02   7.4762e-02   7.3420e-02   7.2102e-02   7.0808e-02

 Columns 409 through 414:

   6.9538e-02   6.8290e-02   6.7064e-02   6.5860e-02   6.4678e-02   6.3517e-02

 Columns 415 through 420:

   6.2377e-02   6.1258e-02   6.0158e-02   5.9079e-02   5.8018e-02   5.6977e-02

 Columns 421 through 426:

   5.5954e-02   5.4950e-02   5.3963e-02   5.2995e-02   5.2044e-02   5.1109e-02

 Columns 427 through 432:

   5.0192e-02   4.9291e-02   4.8406e-02   4.7537e-02   4.6684e-02   4.5846e-02

 Columns 433 through 438:

   4.5023e-02   4.4215e-02   4.3421e-02   4.2641e-02   4.1876e-02   4.1124e-02

 Columns 439 through 444:

   4.0386e-02   3.9661e-02   3.8949e-02   3.8250e-02   3.7563e-02   3.6889e-02

 Columns 445 through 450:

   3.6227e-02   3.5576e-02   3.4937e-02   3.4310e-02   3.3694e-02   3.3089e-02

 Columns 451 through 456:

   3.2495e-02   3.1912e-02   3.1339e-02   3.0776e-02   3.0224e-02   2.9681e-02

 Columns 457 through 462:

   2.9148e-02   2.8625e-02   2.8111e-02   2.7606e-02   2.7111e-02   2.6624e-02

 Columns 463 through 468:

   2.6146e-02   2.5676e-02   2.5215e-02   2.4763e-02   2.4318e-02   2.3882e-02

 Columns 469 through 474:

   2.3453e-02   2.3032e-02   2.2618e-02   2.2212e-02   2.1813e-02   2.1422e-02

 Columns 475 through 480:

   2.1037e-02   2.0659e-02   2.0288e-02   1.9924e-02   1.9566e-02   1.9215e-02

 Columns 481 through 486:

   1.8870e-02   1.8531e-02   1.8198e-02   1.7872e-02   1.7551e-02   1.7236e-02

 Columns 487 through 492:

   1.6926e-02   1.6622e-02   1.6324e-02   1.6031e-02   1.5743e-02   1.5460e-02

 Columns 493 through 498:

   1.5183e-02   1.4910e-02   1.4642e-02   1.4379e-02   1.4121e-02   1.3867e-02

 Columns 499 through 504:

   1.3618e-02   1.3374e-02   1.3134e-02   1.2898e-02   1.2666e-02   1.2439e-02

 Columns 505 through 510:

   1.2216e-02   1.1996e-02   1.1781e-02   1.1569e-02   1.1362e-02   1.1158e-02

 Columns 511 through 516:

   1.0957e-02   1.0760e-02   1.0567e-02   1.0377e-02   1.0191e-02   1.0008e-02

 Columns 517 through 522:

   9.8284e-03   9.6519e-03   9.4786e-03   9.3084e-03   9.1412e-03   8.9771e-03

 Columns 523 through 528:

   8.8159e-03   8.6576e-03   8.5021e-03   8.3494e-03   8.1995e-03   8.0522e-03

 Columns 529 through 534:

   7.9077e-03   7.7657e-03   7.6262e-03   7.4893e-03   7.3548e-03   7.2227e-03

 Columns 535 through 540:

   7.0930e-03   6.9656e-03   6.8405e-03   6.7177e-03   6.5971e-03   6.4786e-03

 Columns 541 through 546:

   6.3623e-03   6.2480e-03   6.1358e-03   6.0256e-03   5.9174e-03   5.8112e-03

 Columns 547 through 552:

   5.7068e-03   5.6043e-03   5.5037e-03   5.4049e-03   5.3078e-03   5.2125e-03

 Columns 553 through 558:

   5.1189e-03   5.0270e-03   4.9367e-03   4.8480e-03   4.7610e-03   4.6755e-03

 Columns 559 through 564:

   4.5915e-03   4.5091e-03   4.4281e-03   4.3486e-03   4.2705e-03   4.1938e-03

 Columns 565 through 570:

   4.1185e-03   4.0445e-03   3.9719e-03   3.9006e-03   3.8305e-03   3.7617e-03

 Columns 571 through 576:

   3.6942e-03   3.6278e-03   3.5627e-03   3.4987e-03   3.4359e-03   3.3742e-03

 Columns 577 through 582:

   3.3136e-03   3.2541e-03   3.1957e-03   3.1383e-03   3.0819e-03   3.0266e-03

 Columns 583 through 588:

   2.9722e-03   2.9188e-03   2.8664e-03   2.8150e-03   2.7644e-03   2.7148e-03

 Columns 589 through 594:

   2.6660e-03   2.6181e-03   2.5711e-03   2.5249e-03   2.4796e-03   2.4351e-03

 Columns 595 through 600:

   2.3913e-03   2.3484e-03   2.3062e-03   2.2648e-03   2.2241e-03   2.1842e-03

 Columns 601 through 606:

   2.1450e-03   2.1065e-03   2.0686e-03   2.0315e-03   1.9950e-03   1.9592e-03

 Columns 607 through 612:

   1.9240e-03   1.8894e-03   1.8555e-03   1.8222e-03   1.7895e-03   1.7573e-03

 Columns 613 through 618:

   1.7258e-03   1.6948e-03   1.6643e-03   1.6345e-03   1.6051e-03   1.5763e-03

 Columns 619 through 624:

   1.5480e-03   1.5202e-03   1.4929e-03   1.4661e-03   1.4397e-03   1.4139e-03

 Columns 625 through 630:

   1.3885e-03   1.3636e-03   1.3391e-03   1.3150e-03   1.2914e-03   1.2682e-03

 Columns 631 through 636:

   1.2454e-03   1.2231e-03   1.2011e-03   1.1795e-03   1.1584e-03   1.1376e-03

 Columns 637 through 642:

   1.1171e-03   1.0971e-03   1.0774e-03   1.0580e-03   1.0390e-03   1.0204e-03

 Columns 643 through 648:

   1.0020e-03   9.8404e-04   9.6636e-04   9.4901e-04   9.3197e-04   9.1523e-04

 Columns 649 through 654:

   8.9880e-04   8.8265e-04   8.6680e-04   8.5124e-04   8.3595e-04   8.2094e-04

 Columns 655 through 660:

   8.0620e-04   7.9172e-04   7.7750e-04   7.6354e-04   7.4983e-04   7.3636e-04

 Columns 661 through 666:

   7.2314e-04   7.1015e-04   6.9740e-04   6.8487e-04   6.7257e-04   6.6050e-04

 Columns 667 through 672:

   6.4863e-04   6.3699e-04   6.2555e-04   6.1431e-04   6.0328e-04   5.9245e-04

 Columns 673 through 678:

   5.8181e-04   5.7136e-04   5.6110e-04   5.5102e-04   5.4113e-04   5.3141e-04

 Columns 679 through 684:

   5.2187e-04   5.1249e-04   5.0329e-04   4.9425e-04   4.8538e-04   4.7666e-04

 Columns 685 through 690:

   4.6810e-04   4.5969e-04   4.5144e-04   4.4333e-04   4.3537e-04   4.2755e-04

 Columns 691 through 696:

   4.1987e-04   4.1233e-04   4.0493e-04   3.9766e-04   3.9051e-04   3.8350e-04

 Columns 697 through 702:

   3.7661e-04   3.6985e-04   3.6321e-04   3.5669e-04   3.5028e-04   3.4399e-04

 Columns 703 through 708:

   3.3781e-04   3.3175e-04   3.2579e-04   3.1994e-04   3.1419e-04   3.0855e-04

 Columns 709 through 714:

   3.0301e-04   2.9757e-04   2.9222e-04   2.8698e-04   2.8182e-04   2.7676e-04

 Columns 715 through 720:

   2.7179e-04   2.6691e-04   2.6212e-04   2.5741e-04   2.5279e-04   2.4825e-04

 Columns 721 through 726:

   2.4379e-04   2.3941e-04   2.3511e-04   2.3089e-04   2.2674e-04   2.2267e-04

 Columns 727 through 732:

   2.1867e-04   2.1475e-04   2.1089e-04   2.0710e-04   2.0338e-04   1.9973e-04

 Columns 733 through 738:

   1.9614e-04   1.9262e-04   1.8916e-04   1.8576e-04   1.8243e-04   1.7915e-04

 Columns 739 through 744:

   1.7594e-04   1.7278e-04   1.6967e-04   1.6663e-04   1.6363e-04   1.6069e-04

 Columns 745 through 750:

   1.5781e-04   1.5498e-04   1.5219e-04   1.4946e-04   1.4677e-04   1.4414e-04

 Columns 751 through 756:

   1.4155e-04   1.3901e-04   1.3651e-04   1.3406e-04   1.3165e-04   1.2929e-04

 Columns 757 through 762:

   1.2697e-04   1.2469e-04   1.2245e-04   1.2025e-04   1.1809e-04   1.1597e-04

 Columns 763 through 768:

   1.1389e-04   1.1184e-04   1.0983e-04   1.0786e-04   1.0592e-04   1.0402e-04

 Columns 769 through 774:

   1.0215e-04   1.0032e-04   9.8517e-05   9.6747e-05   9.5010e-05   9.3304e-05

 Columns 775 through 780:

   9.1628e-05   8.9983e-05   8.8367e-05   8.6780e-05   8.5221e-05   8.3691e-05

 Columns 781 through 786:

   8.2188e-05   8.0712e-05   7.9263e-05   7.7839e-05   7.6441e-05   7.5068e-05

 Columns 787 through 792:

   7.3720e-05   7.2396e-05   7.1096e-05   6.9820e-05   6.8566e-05   6.7334e-05

 Columns 793 through 798:

   6.6125e-05   6.4938e-05   6.3771e-05   6.2626e-05   6.1502e-05   6.0397e-05

 Columns 799 through 804:

   5.9312e-05   5.8247e-05   5.7201e-05   5.6174e-05   5.5165e-05   5.4175e-05

 Columns 805 through 810:

   5.3202e-05   5.2246e-05   5.1308e-05   5.0387e-05   4.9482e-05   4.8593e-05

 Columns 811 through 816:

   4.7720e-05   4.6863e-05   4.6022e-05   4.5195e-05   4.4384e-05   4.3587e-05

 Columns 817 through 822:

   4.2804e-05   4.2035e-05   4.1280e-05   4.0539e-05   3.9811e-05   3.9096e-05

 Columns 823 through 828:

   3.8394e-05   3.7705e-05   3.7027e-05   3.6362e-05   3.5709e-05   3.5068e-05

 Columns 829 through 834:

   3.4438e-05   3.3820e-05   3.3213e-05   3.2616e-05   3.2030e-05   3.1455e-05

 Columns 835 through 840:

   3.0890e-05   3.0336e-05   2.9791e-05   2.9256e-05   2.8730e-05   2.8214e-05

 Columns 841 through 846:

   2.7708e-05   2.7210e-05   2.6722e-05   2.6242e-05   2.5770e-05   2.5308e-05

 Columns 847 through 852:

   2.4853e-05   2.4407e-05   2.3968e-05   2.3538e-05   2.3115e-05   2.2700e-05

 Columns 853 through 858:

   2.2293e-05   2.1892e-05   2.1499e-05   2.1113e-05   2.0734e-05   2.0361e-05

 Columns 859 through 864:

   1.9996e-05   1.9637e-05   1.9284e-05   1.8938e-05   1.8598e-05   1.8264e-05

 Columns 865 through 870:

   1.7936e-05   1.7614e-05   1.7297e-05   1.6987e-05   1.6682e-05   1.6382e-05

 Columns 871 through 876:

   1.6088e-05   1.5799e-05   1.5515e-05   1.5237e-05   1.4963e-05   1.4694e-05

 Columns 877 through 882:

   1.4430e-05   1.4171e-05   1.3917e-05   1.3667e-05   1.3421e-05   1.3180e-05

 Columns 883 through 888:

   1.2944e-05   1.2711e-05   1.2483e-05   1.2259e-05   1.2039e-05   1.1822e-05

 Columns 889 through 894:

   1.1610e-05   1.1402e-05   1.1197e-05   1.0996e-05   1.0798e-05   1.0604e-05

 Columns 895 through 900:

   1.0414e-05   1.0227e-05   1.0043e-05   9.8629e-06   9.6858e-06   9.5118e-06

 Columns 901 through 906:

   9.3410e-06   9.1733e-06   9.0085e-06   8.8467e-06   8.6879e-06   8.5319e-06

 Columns 907 through 912:

   8.3786e-06   8.2282e-06   8.0804e-06   7.9353e-06   7.7928e-06   7.6528e-06

 Columns 913 through 918:

   7.5154e-06   7.3804e-06   7.2479e-06   7.1177e-06   6.9899e-06   6.8644e-06

 Columns 919 through 924:

   6.7411e-06   6.6201e-06   6.5012e-06   6.3844e-06   6.2698e-06   6.1572e-06

 Columns 925 through 930:

   6.0466e-06   5.9380e-06   5.8314e-06   5.7267e-06   5.6238e-06   5.5228e-06

 Columns 931 through 936:

   5.4236e-06   5.3262e-06   5.2306e-06   5.1367e-06   5.0444e-06   4.9538e-06

 Columns 937 through 942:

   4.8649e-06   4.7775e-06   4.6917e-06   4.6074e-06   4.5247e-06   4.4434e-06

 Columns 943 through 948:

   4.3636e-06   4.2853e-06   4.2083e-06   4.1327e-06   4.0585e-06   3.9856e-06

 Columns 949 through 954:

   3.9141e-06   3.8438e-06   3.7747e-06   3.7070e-06   3.6404e-06   3.5750e-06

 Columns 955 through 960:

   3.5108e-06   3.4478e-06   3.3858e-06   3.3250e-06   3.2653e-06   3.2067e-06

 Columns 961 through 966:

   3.1491e-06   3.0926e-06   3.0370e-06   2.9825e-06   2.9289e-06   2.8763e-06

 Columns 967 through 972:

   2.8247e-06   2.7739e-06   2.7241e-06   2.6752e-06   2.6272e-06   2.5800e-06

 Columns 973 through 978:

   2.5336e-06   2.4881e-06   2.4435e-06   2.3996e-06   2.3565e-06   2.3142e-06

 Columns 979 through 984:

   2.2726e-06   2.2318e-06   2.1917e-06   2.1524e-06   2.1137e-06   2.0757e-06

 Columns 985 through 990:

   2.0385e-06   2.0019e-06   1.9659e-06   1.9306e-06   1.8959e-06   1.8619e-06

 Columns 991 through 996:

   1.8285e-06   1.7956e-06   1.7634e-06   1.7317e-06   1.7006e-06   1.6701e-06

 Columns 997 through 1000:

   1.6401e-06   1.6106e-06   1.5817e-06   1.5533e-06

B =  0.0070000
a =  0.10000
</system-out>
  </testcase>
</testsuite>